<?xml version="1.0" encoding="UTF-8"?>
<!-- Generated by org.testng.reporters.JUnitReportReporter -->
<testsuite hostname="ARAVINDA-DELL-PERSONAL" failures="0" tests="5" name="com.synechron.restapi.Training.spec.CreateRepositoryUsingSpec" time="10.744" errors="0" timestamp="2024-04-20T15:15:08 IST" skipped="0">
  <testcase classname="com.synechron.restapi.Training.spec.CreateRepositoryUsingSpec" name="createRepositoryUsingPOJO" time="6.853"/>
  <testcase classname="com.synechron.restapi.Training.spec.CreateRepositoryUsingSpec" name="getRepository" time="0.516"/>
  <testcase classname="com.synechron.restapi.Training.spec.CreateRepositoryUsingSpec" name="getAllRepositories" time="2.195"/>
  <testcase classname="com.synechron.restapi.Training.spec.CreateRepositoryUsingSpec" name="updateRepository" time="0.663"/>
  <testcase classname="com.synechron.restapi.Training.spec.CreateRepositoryUsingSpec" name="deleteRepository" time="0.517"/>
</testsuite> <!-- com.synechron.restapi.Training.spec.CreateRepositoryUsingSpec -->
