<?xml version="1.0" encoding="UTF-8"?>
<!-- Generated by org.testng.reporters.JUnitReportReporter -->
<testsuite hostname="ARAVINDA-DELL-PERSONAL" failures="0" tests="7" name="com.synechron.restapi.Training.response.jayway.ValidateResponseBodyUsingJaywayPath" time="0.235" errors="0" timestamp="2024-04-21T10:37:39 IST" skipped="0">
  <testcase classname="com.synechron.restapi.Training.response.jayway.ValidateResponseBodyUsingJaywayPath" name="getAllUrlWithWidthGreaterThan1000" time="0.038"/>
  <testcase classname="com.synechron.restapi.Training.response.jayway.ValidateResponseBodyUsingJaywayPath" name="getAllBGIScaled" time="0.148"/>
  <testcase classname="com.synechron.restapi.Training.response.jayway.ValidateResponseBodyUsingJaywayPath" name="getAllWidthGreaterThan1000" time="0.007"/>
  <testcase classname="com.synechron.restapi.Training.response.jayway.ValidateResponseBodyUsingJaywayPath" name="getID" time="0.015"/>
  <testcase classname="com.synechron.restapi.Training.response.jayway.ValidateResponseBodyUsingJaywayPath" name="getName" time="0.008"/>
  <testcase classname="com.synechron.restapi.Training.response.jayway.ValidateResponseBodyUsingJaywayPath" name="getAllUrlsFrombackgroundImageScaled" time="0.010"/>
  <testcase classname="com.synechron.restapi.Training.response.jayway.ValidateResponseBodyUsingJaywayPath" name="getFirstElementInBGIScaled" time="0.009"/>
</testsuite> <!-- com.synechron.restapi.Training.response.jayway.ValidateResponseBodyUsingJaywayPath -->
