<?xml version="1.0" encoding="UTF-8"?>
<!-- Generated by org.testng.reporters.JUnitReportReporter -->
<testsuite hostname="ARAVINDA-DELL-PERSONAL" failures="0" tests="4" name="com.synechron.restapi.Training.get.GetWithTestNG" time="7.136" errors="0" timestamp="2024-04-20T11:13:45 IST" skipped="0">
  <testcase classname="com.synechron.restapi.Training.get.GetWithTestNG" name="getInRestAssuredFormat" time="0.546"/>
  <testcase classname="com.synechron.restapi.Training.get.GetWithTestNG" name="getRequestInGivenWhenFormat" time="2.033"/>
  <testcase classname="com.synechron.restapi.Training.get.GetWithTestNG" name="printAllCards" time="0.515"/>
  <testcase classname="com.synechron.restapi.Training.get.GetWithTestNG" name="getInGivenExpectWhenFormat" time="4.042"/>
</testsuite> <!-- com.synechron.restapi.Training.get.GetWithTestNG -->
