<?xml version="1.0" encoding="UTF-8"?>
<!-- Generated by org.testng.reporters.JUnitReportReporter -->
<testsuite hostname="ARAVINDA-DELL-PERSONAL" failures="0" tests="1" name="com.synechron.restapi.Training.filters.FiltersForGit" time="7.819" errors="0" timestamp="2024-04-20T16:16:20 IST" skipped="0">
  <testcase classname="com.synechron.restapi.Training.filters.FiltersForGit" name="getAllRepositories" time="7.819"/>
</testsuite> <!-- com.synechron.restapi.Training.filters.FiltersForGit -->
