<?xml version="1.0" encoding="UTF-8"?>
<!-- Generated by org.testng.reporters.JUnitReportReporter -->
<testsuite hostname="ARAVINDA-DELL-PERSONAL" failures="0" tests="10" name="com.synechron.restapi.Training.post.PostRequestDemo" time="9.494" errors="0" timestamp="2024-04-20T11:13:20 IST" skipped="0">
  <testcase classname="com.synechron.restapi.Training.post.PostRequestDemo" name="createCardUsingFakerAPI" time="0.568"/>
  <testcase classname="com.synechron.restapi.Training.post.PostRequestDemo" name="createCardUsingFakerAPI" time="1.339"/>
  <testcase classname="com.synechron.restapi.Training.post.PostRequestDemo" name="createCardUsingFakerAPI" time="0.934"/>
  <testcase classname="com.synechron.restapi.Training.post.PostRequestDemo" name="createCardUsingFakerAPI" time="3.540"/>
  <testcase classname="com.synechron.restapi.Training.post.PostRequestDemo" name="createCardUsingFakerAPI" time="0.479"/>
  <testcase classname="com.synechron.restapi.Training.post.PostRequestDemo" name="createCardUsingFakerAPI" time="0.519"/>
  <testcase classname="com.synechron.restapi.Training.post.PostRequestDemo" name="createCardUsingFakerAPI" time="0.473"/>
  <testcase classname="com.synechron.restapi.Training.post.PostRequestDemo" name="createCardUsingFakerAPI" time="0.551"/>
  <testcase classname="com.synechron.restapi.Training.post.PostRequestDemo" name="createCardUsingFakerAPI" time="0.551"/>
  <testcase classname="com.synechron.restapi.Training.post.PostRequestDemo" name="createCardUsingFakerAPI" time="0.540"/>
</testsuite> <!-- com.synechron.restapi.Training.post.PostRequestDemo -->
