<?xml version="1.0" encoding="UTF-8"?>
<!-- Generated by org.testng.reporters.JUnitReportReporter -->
<testsuite hostname="ARAVINDA-DELL-PERSONAL" failures="0" tests="1" name="com.synechron.restapi.Training.log.LoggingInREST" time="7.271" errors="0" timestamp="2024-04-20T12:01:34 IST" skipped="0">
  <testcase classname="com.synechron.restapi.Training.log.LoggingInREST" name="getAllLogsFromGiven" time="7.271"/>
</testsuite> <!-- com.synechron.restapi.Training.log.LoggingInREST -->
