<?xml version="1.0" encoding="UTF-8"?>
<!-- Generated by org.testng.reporters.JUnitReportReporter -->
<testsuite hostname="ARAVINDA-DELL-PERSONAL" failures="0" tests="7" name="com.synechron.restapi.Training.response.jsonpath.ValidateResponseBodyUsingJsonPath" time="1.673" errors="0" timestamp="2024-04-21T11:51:18 IST" skipped="0">
  <testcase classname="com.synechron.restapi.Training.response.jsonpath.ValidateResponseBodyUsingJsonPath" name="getAllUrlWithWidthGreaterThan1000" time="0.161"/>
  <testcase classname="com.synechron.restapi.Training.response.jsonpath.ValidateResponseBodyUsingJsonPath" name="getAllWidthGreaterThan1000" time="0.039"/>
  <testcase classname="com.synechron.restapi.Training.response.jsonpath.ValidateResponseBodyUsingJsonPath" name="getAllBGIScaled" time="1.053"/>
  <testcase classname="com.synechron.restapi.Training.response.jsonpath.ValidateResponseBodyUsingJsonPath" name="getID" time="0.030"/>
  <testcase classname="com.synechron.restapi.Training.response.jsonpath.ValidateResponseBodyUsingJsonPath" name="getName" time="0.052"/>
  <testcase classname="com.synechron.restapi.Training.response.jsonpath.ValidateResponseBodyUsingJsonPath" name="getAllUrlsFrombackgroundImageScaled" time="0.305"/>
  <testcase classname="com.synechron.restapi.Training.response.jsonpath.ValidateResponseBodyUsingJsonPath" name="getFirstElementInBGIScaled" time="0.033"/>
</testsuite> <!-- com.synechron.restapi.Training.response.jsonpath.ValidateResponseBodyUsingJsonPath -->
