<?xml version="1.0" encoding="UTF-8"?>
<!-- Generated by org.testng.reporters.JUnitReportReporter -->
<testsuite hostname="ARAVINDA-DELL-PERSONAL" failures="0" tests="1" name="com.synechron.restapi.Training.response.jsonpath.ValidateResponseBodyUsingJsonPath" time="0.802" errors="0" timestamp="2024-04-21T12:21:17 IST" skipped="0">
  <testcase classname="com.synechron.restapi.Training.response.jsonpath.ValidateResponseBodyUsingJsonPath" name="getURLWithMinWidthInBGIScaled" time="0.802"/>
</testsuite> <!-- com.synechron.restapi.Training.response.jsonpath.ValidateResponseBodyUsingJsonPath -->
