<?xml version="1.0" encoding="UTF-8"?>
<!-- Generated by org.testng.reporters.JUnitReportReporter -->
<testsuite hostname="ARAVINDA-DELL-PERSONAL" failures="0" tests="10" name="com.synechron.restapi.Training.response.vresponse.ValidatableResponseDemo" time="1.482" errors="0" timestamp="2024-04-21T12:30:47 IST" skipped="0">
  <testcase classname="com.synechron.restapi.Training.response.vresponse.ValidatableResponseDemo" name="getID" time="0.785"/>
  <testcase classname="com.synechron.restapi.Training.response.vresponse.ValidatableResponseDemo" name="getName" time="0.044"/>
  <testcase classname="com.synechron.restapi.Training.response.vresponse.ValidatableResponseDemo" name="getAllUrlsFrombackgroundImageScaled" time="0.350"/>
  <testcase classname="com.synechron.restapi.Training.response.vresponse.ValidatableResponseDemo" name="getFirstElementInBGIScaled" time="0.034"/>
  <testcase classname="com.synechron.restapi.Training.response.vresponse.ValidatableResponseDemo" name="getAllBGIScaled" time="0.035"/>
  <testcase classname="com.synechron.restapi.Training.response.vresponse.ValidatableResponseDemo" name="getAllWidthGreaterThan1000" time="0.093"/>
  <testcase classname="com.synechron.restapi.Training.response.vresponse.ValidatableResponseDemo" name="getAllUrlWithWidthGreaterThan1000" time="0.036"/>
  <testcase classname="com.synechron.restapi.Training.response.vresponse.ValidatableResponseDemo" name="getElementWithMaxWidthInBGIScaled" time="0.037"/>
  <testcase classname="com.synechron.restapi.Training.response.vresponse.ValidatableResponseDemo" name="getURLWithMinWidthInBGIScaled" time="0.028"/>
  <testcase classname="com.synechron.restapi.Training.response.vresponse.ValidatableResponseDemo" name="getElementWithMinWidthInBGIScaled" time="0.040"/>
</testsuite> <!-- com.synechron.restapi.Training.response.vresponse.ValidatableResponseDemo -->
