<?xml version="1.0" encoding="UTF-8"?>
<!-- Generated by org.testng.reporters.JUnitReportReporter -->
<testsuite hostname="ARAVINDA-DELL-PERSONAL" failures="0" tests="2" name="com.synechron.restapi.Training.filters.FiltersAndSpecForGit" time="7.618" errors="0" timestamp="2024-04-20T16:24:57 IST" skipped="0">
  <testcase classname="com.synechron.restapi.Training.filters.FiltersAndSpecForGit" name="getRepository" time="0.478"/>
  <testcase classname="com.synechron.restapi.Training.filters.FiltersAndSpecForGit" name="getAllRepositories" time="7.140"/>
</testsuite> <!-- com.synechron.restapi.Training.filters.FiltersAndSpecForGit -->
