<?xml version="1.0" encoding="UTF-8"?>
<!-- Generated by org.testng.reporters.JUnitReportReporter -->
<testsuite hostname="ARAVINDA-DELL-PERSONAL" failures="0" tests="5" name="com.synechron.restapi.Training.post.CreateRepository" time="10.396" errors="0" timestamp="2024-04-20T14:48:41 IST" skipped="0">
  <testcase classname="com.synechron.restapi.Training.post.CreateRepository" name="createRepositoryUsingPOJO" time="6.847"/>
  <testcase classname="com.synechron.restapi.Training.post.CreateRepository" name="getRepository" time="0.492"/>
  <testcase classname="com.synechron.restapi.Training.post.CreateRepository" name="getAllRepositories" time="1.796"/>
  <testcase classname="com.synechron.restapi.Training.post.CreateRepository" name="updateRepository" time="0.745"/>
  <testcase classname="com.synechron.restapi.Training.post.CreateRepository" name="deleteRepository" time="0.516"/>
</testsuite> <!-- com.synechron.restapi.Training.post.CreateRepository -->
