<?xml version="1.0" encoding="UTF-8"?>
<!-- Generated by org.testng.reporters.JUnitReportReporter -->
<testsuite hostname="ARAVINDA-DELL-PERSONAL" failures="0" tests="1" name="com.synechron.restapi.Training.put.UpdateBoardDemo" time="5.563" errors="0" timestamp="2024-04-20T12:19:51 IST" skipped="0">
  <testcase classname="com.synechron.restapi.Training.put.UpdateBoardDemo" name="updateBoard" time="5.563"/>
</testsuite> <!-- com.synechron.restapi.Training.put.UpdateBoardDemo -->
