<?xml version="1.0" encoding="UTF-8"?>
<!-- Generated by org.testng.reporters.JUnitReportReporter -->
<testsuite hostname="ARAVINDA-DELL-PERSONAL" failures="0" tests="3" name="com.synechron.restapi.Training.fomat.GetWithTestNG" time="8.410" errors="0" timestamp="2024-04-20T09:15:18 IST" skipped="0">
  <testcase classname="com.synechron.restapi.Training.fomat.GetWithTestNG" name="getInGivenExpectWhenFormat" time="5.356"/>
  <testcase classname="com.synechron.restapi.Training.fomat.GetWithTestNG" name="getInRestAssuredFormat" time="0.588"/>
  <testcase classname="com.synechron.restapi.Training.fomat.GetWithTestNG" name="getRequestInGivenWhenFormat" time="2.466"/>
</testsuite> <!-- com.synechron.restapi.Training.fomat.GetWithTestNG -->
