<?xml version="1.0" encoding="UTF-8"?>
<!-- Generated by org.testng.reporters.JUnitReportReporter -->
<testsuite hostname="ARAVINDA-DELL-PERSONAL" failures="0" tests="1" name="com.synechron.restapi.Training.delete.DeleteBoard" time="6.657" errors="0" timestamp="2024-04-20T12:22:33 IST" skipped="0">
  <testcase classname="com.synechron.restapi.Training.delete.DeleteBoard" name="updateBoard" time="6.657"/>
</testsuite> <!-- com.synechron.restapi.Training.delete.DeleteBoard -->
